2018-07-23 12:27:26 FATAL TestMain:25:com.scp.test.TestMain - this is fatal
2018-07-23 12:27:26 TRACE TestMain:26:com.scp.test.TestMain - this is trace
2018-07-23 12:27:26 ERROR TestMain:27:com.scp.test.TestMain - this is error
2018-07-23 12:27:26 INFO  TestMain:28:com.scp.test.TestMain - this is info
2018-07-23 12:27:26 FATAL TestMain:25:com.scp.test.TestMain - this is fatal
2018-07-23 12:27:26 TRACE TestMain:26:com.scp.test.TestMain - this is trace
2018-07-23 12:27:26 ERROR TestMain:27:com.scp.test.TestMain - this is error
2018-07-23 12:27:26 INFO  TestMain:28:com.scp.test.TestMain - this is info
2018-07-23 12:27:26 FATAL TestMain:25:com.scp.test.TestMain - this is fatal
2018-07-23 12:27:26 TRACE TestMain:26:com.scp.test.TestMain - this is trace
2018-07-23 12:27:26 ERROR TestMain:27:com.scp.test.TestMain - this is error
2018-07-23 12:27:26 INFO  TestMain:28:com.scp.test.TestMain - this is info
2018-07-23 12:27:26 FATAL TestMain:25:com.scp.test.TestMain - this is fatal
2018-07-23 12:27:26 TRACE TestMain:26:com.scp.test.TestMain - this is trace
2018-07-23 12:27:26 ERROR TestMain:27:com.scp.test.TestMain - this is error
2018-07-23 12:27:26 INFO  TestMain:28:com.scp.test.TestMain - this is info
2018-07-23 12:27:26 FATAL TestMain:25:com.scp.test.TestMain - this is fatal
2018-07-23 12:27:26 TRACE TestMain:26:com.scp.test.TestMain - this is trace
2018-07-23 12:27:26 ERROR TestMain:27:com.scp.test.TestMain - this is error
2018-07-23 12:27:26 INFO  TestMain:28:com.scp.test.TestMain - this is info
2018-07-23 12:31:55 FATAL TestMain:25:com.scp.test.TestMain - this is fatal
2018-07-23 12:31:57 TRACE TestMain:26:com.scp.test.TestMain - this is trace
2018-07-23 12:31:57 ERROR TestMain:27:com.scp.test.TestMain - this is error
2018-07-23 12:31:57 INFO  TestMain:28:com.scp.test.TestMain - this is info
2018-07-23 12:31:57 FATAL TestMain:25:com.scp.test.TestMain - this is fatal
2018-07-23 12:31:57 TRACE TestMain:26:com.scp.test.TestMain - this is trace
2018-07-23 12:31:57 ERROR TestMain:27:com.scp.test.TestMain - this is error
2018-07-23 12:31:57 INFO  TestMain:28:com.scp.test.TestMain - this is info
2018-07-23 12:31:57 FATAL TestMain:25:com.scp.test.TestMain - this is fatal
2018-07-23 12:31:57 TRACE TestMain:26:com.scp.test.TestMain - this is trace
2018-07-23 12:31:57 ERROR TestMain:27:com.scp.test.TestMain - this is error
2018-07-23 12:31:57 INFO  TestMain:28:com.scp.test.TestMain - this is info
2018-07-23 12:31:57 FATAL TestMain:25:com.scp.test.TestMain - this is fatal
2018-07-23 12:31:57 TRACE TestMain:26:com.scp.test.TestMain - this is trace
2018-07-23 12:31:57 ERROR TestMain:27:com.scp.test.TestMain - this is error
2018-07-23 12:31:57 INFO  TestMain:28:com.scp.test.TestMain - this is info
2018-07-23 12:31:57 FATAL TestMain:25:com.scp.test.TestMain - this is fatal
2018-07-23 12:31:57 TRACE TestMain:26:com.scp.test.TestMain - this is trace
2018-07-23 12:31:57 ERROR TestMain:27:com.scp.test.TestMain - this is error
2018-07-23 12:31:57 INFO  TestMain:28:com.scp.test.TestMain - this is info
2018-07-23 12:32:14 FATAL TestMain:25:com.scp.test.TestMain - this is fatal
2018-07-23 12:32:15 TRACE TestMain:26:com.scp.test.TestMain - this is trace
2018-07-23 12:32:15 ERROR TestMain:27:com.scp.test.TestMain - this is error
2018-07-23 12:32:15 INFO  TestMain:28:com.scp.test.TestMain - this is info
2018-07-23 12:32:15 FATAL TestMain:25:com.scp.test.TestMain - this is fatal
2018-07-23 12:32:15 TRACE TestMain:26:com.scp.test.TestMain - this is trace
2018-07-23 12:32:15 ERROR TestMain:27:com.scp.test.TestMain - this is error
2018-07-23 12:32:15 INFO  TestMain:28:com.scp.test.TestMain - this is info
2018-07-23 12:32:15 FATAL TestMain:25:com.scp.test.TestMain - this is fatal
2018-07-23 12:32:15 TRACE TestMain:26:com.scp.test.TestMain - this is trace
2018-07-23 12:32:15 ERROR TestMain:27:com.scp.test.TestMain - this is error
2018-07-23 12:32:15 INFO  TestMain:28:com.scp.test.TestMain - this is info
2018-07-23 12:32:15 FATAL TestMain:25:com.scp.test.TestMain - this is fatal
2018-07-23 12:32:15 TRACE TestMain:26:com.scp.test.TestMain - this is trace
2018-07-23 12:32:15 ERROR TestMain:27:com.scp.test.TestMain - this is error
2018-07-23 12:32:15 INFO  TestMain:28:com.scp.test.TestMain - this is info
2018-07-23 12:32:15 FATAL TestMain:25:com.scp.test.TestMain - this is fatal
2018-07-23 12:32:15 TRACE TestMain:26:com.scp.test.TestMain - this is trace
2018-07-23 12:32:15 ERROR TestMain:27:com.scp.test.TestMain - this is error
2018-07-23 12:32:15 INFO  TestMain:28:com.scp.test.TestMain - this is info
2018-07-23 12:33:20 FATAL TestMain:25:com.scp.test.TestMain - this is fatal
2018-07-23 12:33:20 TRACE TestMain:26:com.scp.test.TestMain - this is trace
2018-07-23 12:33:20 ERROR TestMain:27:com.scp.test.TestMain - this is error
2018-07-23 12:33:20 INFO  TestMain:28:com.scp.test.TestMain - this is info
2018-07-23 12:33:20 FATAL TestMain:25:com.scp.test.TestMain - this is fatal
2018-07-23 12:33:20 TRACE TestMain:26:com.scp.test.TestMain - this is trace
2018-07-23 12:33:20 ERROR TestMain:27:com.scp.test.TestMain - this is error
2018-07-23 12:33:20 INFO  TestMain:28:com.scp.test.TestMain - this is info
2018-07-23 12:33:20 FATAL TestMain:25:com.scp.test.TestMain - this is fatal
2018-07-23 12:33:20 TRACE TestMain:26:com.scp.test.TestMain - this is trace
2018-07-23 12:33:20 ERROR TestMain:27:com.scp.test.TestMain - this is error
2018-07-23 12:33:20 INFO  TestMain:28:com.scp.test.TestMain - this is info
2018-07-23 12:33:20 FATAL TestMain:25:com.scp.test.TestMain - this is fatal
2018-07-23 12:33:20 TRACE TestMain:26:com.scp.test.TestMain - this is trace
2018-07-23 12:33:20 ERROR TestMain:27:com.scp.test.TestMain - this is error
2018-07-23 12:33:20 INFO  TestMain:28:com.scp.test.TestMain - this is info
2018-07-23 12:33:20 FATAL TestMain:25:com.scp.test.TestMain - this is fatal
2018-07-23 12:33:20 TRACE TestMain:26:com.scp.test.TestMain - this is trace
2018-07-23 12:33:20 ERROR TestMain:27:com.scp.test.TestMain - this is error
2018-07-23 12:33:20 INFO  TestMain:28:com.scp.test.TestMain - this is info
2018-07-23 12:36:00 FATAL TestMain:25:com.scp.test.TestMain - this is fatal
2018-07-23 12:36:01 TRACE TestMain:26:com.scp.test.TestMain - this is trace
2018-07-23 12:36:01 ERROR TestMain:27:com.scp.test.TestMain - this is error
2018-07-23 12:36:01 INFO  TestMain:28:com.scp.test.TestMain - this is info
2018-07-23 12:36:01 FATAL TestMain:25:com.scp.test.TestMain - this is fatal
2018-07-23 12:36:01 TRACE TestMain:26:com.scp.test.TestMain - this is trace
2018-07-23 12:36:01 ERROR TestMain:27:com.scp.test.TestMain - this is error
2018-07-23 12:36:01 INFO  TestMain:28:com.scp.test.TestMain - this is info
2018-07-23 12:36:01 FATAL TestMain:25:com.scp.test.TestMain - this is fatal
2018-07-23 12:36:01 TRACE TestMain:26:com.scp.test.TestMain - this is trace
2018-07-23 12:36:01 ERROR TestMain:27:com.scp.test.TestMain - this is error
2018-07-23 12:36:01 INFO  TestMain:28:com.scp.test.TestMain - this is info
2018-07-23 12:36:01 FATAL TestMain:25:com.scp.test.TestMain - this is fatal
2018-07-23 12:36:01 TRACE TestMain:26:com.scp.test.TestMain - this is trace
2018-07-23 12:36:01 ERROR TestMain:27:com.scp.test.TestMain - this is error
2018-07-23 12:36:01 INFO  TestMain:28:com.scp.test.TestMain - this is info
2018-07-23 12:36:01 FATAL TestMain:25:com.scp.test.TestMain - this is fatal
2018-07-23 12:36:01 TRACE TestMain:26:com.scp.test.TestMain - this is trace
2018-07-23 12:36:01 ERROR TestMain:27:com.scp.test.TestMain - this is error
2018-07-23 12:36:01 INFO  TestMain:28:com.scp.test.TestMain - this is info
2018-07-23 15:25:26 INFO  TestMain:30:com.scp.test.TestMain - Hello this is an info message
2018-07-23 15:25:27 FATAL TestMain:38:com.scp.test.TestMain - this is fatal
2018-07-23 15:25:27 TRACE TestMain:39:com.scp.test.TestMain - this is trace
2018-07-23 15:25:27 ERROR TestMain:40:com.scp.test.TestMain - this is error
2018-07-23 15:25:27 INFO  TestMain:41:com.scp.test.TestMain - this is info
2018-07-23 15:25:27 FATAL TestMain:38:com.scp.test.TestMain - this is fatal
2018-07-23 15:25:27 TRACE TestMain:39:com.scp.test.TestMain - this is trace
2018-07-23 15:25:27 ERROR TestMain:40:com.scp.test.TestMain - this is error
2018-07-23 15:25:27 INFO  TestMain:41:com.scp.test.TestMain - this is info
2018-07-23 15:25:27 FATAL TestMain:38:com.scp.test.TestMain - this is fatal
2018-07-23 15:25:27 TRACE TestMain:39:com.scp.test.TestMain - this is trace
2018-07-23 15:25:27 ERROR TestMain:40:com.scp.test.TestMain - this is error
2018-07-23 15:25:27 INFO  TestMain:41:com.scp.test.TestMain - this is info
2018-07-23 15:25:27 FATAL TestMain:38:com.scp.test.TestMain - this is fatal
2018-07-23 15:25:27 TRACE TestMain:39:com.scp.test.TestMain - this is trace
2018-07-23 15:25:27 ERROR TestMain:40:com.scp.test.TestMain - this is error
2018-07-23 15:25:27 INFO  TestMain:41:com.scp.test.TestMain - this is info
2018-07-23 15:25:27 FATAL TestMain:38:com.scp.test.TestMain - this is fatal
2018-07-23 15:25:27 TRACE TestMain:39:com.scp.test.TestMain - this is trace
2018-07-23 15:25:27 ERROR TestMain:40:com.scp.test.TestMain - this is error
2018-07-23 15:25:27 INFO  TestMain:41:com.scp.test.TestMain - this is info
2018-07-23 15:26:42 INFO  TestMain:30:com.scp.test.TestMain - Hello this is an info message
2018-07-23 15:26:42 FATAL TestMain:38:com.scp.test.TestMain - this is fatal
2018-07-23 15:26:43 TRACE TestMain:39:com.scp.test.TestMain - this is trace
2018-07-23 15:26:43 ERROR TestMain:40:com.scp.test.TestMain - this is error
2018-07-23 15:26:43 INFO  TestMain:41:com.scp.test.TestMain - this is info
2018-07-23 15:26:43 FATAL TestMain:38:com.scp.test.TestMain - this is fatal
2018-07-23 15:26:43 TRACE TestMain:39:com.scp.test.TestMain - this is trace
2018-07-23 15:26:43 ERROR TestMain:40:com.scp.test.TestMain - this is error
2018-07-23 15:26:43 INFO  TestMain:41:com.scp.test.TestMain - this is info
2018-07-23 15:26:43 FATAL TestMain:38:com.scp.test.TestMain - this is fatal
2018-07-23 15:26:43 TRACE TestMain:39:com.scp.test.TestMain - this is trace
2018-07-23 15:26:43 ERROR TestMain:40:com.scp.test.TestMain - this is error
2018-07-23 15:26:43 INFO  TestMain:41:com.scp.test.TestMain - this is info
2018-07-23 15:26:43 FATAL TestMain:38:com.scp.test.TestMain - this is fatal
2018-07-23 15:26:43 TRACE TestMain:39:com.scp.test.TestMain - this is trace
2018-07-23 15:26:43 ERROR TestMain:40:com.scp.test.TestMain - this is error
2018-07-23 15:26:43 INFO  TestMain:41:com.scp.test.TestMain - this is info
2018-07-23 15:26:43 FATAL TestMain:38:com.scp.test.TestMain - this is fatal
2018-07-23 15:26:43 TRACE TestMain:39:com.scp.test.TestMain - this is trace
2018-07-23 15:26:43 ERROR TestMain:40:com.scp.test.TestMain - this is error
2018-07-23 15:26:43 INFO  TestMain:41:com.scp.test.TestMain - this is info
2018-07-23 15:28:32 FATAL TestMain:34:com.scp.test.TestMain - this is fatal
2018-07-23 15:28:32 TRACE TestMain:35:com.scp.test.TestMain - this is trace
2018-07-23 15:28:32 ERROR TestMain:36:com.scp.test.TestMain - this is error
2018-07-23 15:28:32 INFO  TestMain:37:com.scp.test.TestMain - this is info
2018-07-23 15:28:32 FATAL TestMain:34:com.scp.test.TestMain - this is fatal
2018-07-23 15:28:32 TRACE TestMain:35:com.scp.test.TestMain - this is trace
2018-07-23 15:28:32 ERROR TestMain:36:com.scp.test.TestMain - this is error
2018-07-23 15:28:32 INFO  TestMain:37:com.scp.test.TestMain - this is info
2018-07-23 15:28:33 FATAL TestMain:34:com.scp.test.TestMain - this is fatal
2018-07-23 15:28:33 TRACE TestMain:35:com.scp.test.TestMain - this is trace
2018-07-23 15:28:33 ERROR TestMain:36:com.scp.test.TestMain - this is error
2018-07-23 15:28:33 INFO  TestMain:37:com.scp.test.TestMain - this is info
2018-07-23 15:28:33 FATAL TestMain:34:com.scp.test.TestMain - this is fatal
2018-07-23 15:28:33 TRACE TestMain:35:com.scp.test.TestMain - this is trace
2018-07-23 15:28:33 ERROR TestMain:36:com.scp.test.TestMain - this is error
2018-07-23 15:28:33 INFO  TestMain:37:com.scp.test.TestMain - this is info
2018-07-23 15:28:33 FATAL TestMain:34:com.scp.test.TestMain - this is fatal
2018-07-23 15:28:33 TRACE TestMain:35:com.scp.test.TestMain - this is trace
2018-07-23 15:28:33 ERROR TestMain:36:com.scp.test.TestMain - this is error
2018-07-23 15:28:33 INFO  TestMain:37:com.scp.test.TestMain - this is info
2018-07-23 15:29:03 FATAL TestMain:34:com.scp.test.TestMain - this is fatal
2018-07-23 15:29:04 TRACE TestMain:35:com.scp.test.TestMain - this is trace
2018-07-23 15:29:04 ERROR TestMain:36:com.scp.test.TestMain - this is error
2018-07-23 15:29:04 INFO  TestMain:37:com.scp.test.TestMain - this is info
2018-07-23 15:29:04 FATAL TestMain:34:com.scp.test.TestMain - this is fatal
2018-07-23 15:29:04 TRACE TestMain:35:com.scp.test.TestMain - this is trace
2018-07-23 15:29:04 ERROR TestMain:36:com.scp.test.TestMain - this is error
2018-07-23 15:29:04 INFO  TestMain:37:com.scp.test.TestMain - this is info
2018-07-23 15:29:04 FATAL TestMain:34:com.scp.test.TestMain - this is fatal
2018-07-23 15:29:04 TRACE TestMain:35:com.scp.test.TestMain - this is trace
2018-07-23 15:29:04 ERROR TestMain:36:com.scp.test.TestMain - this is error
2018-07-23 15:29:04 INFO  TestMain:37:com.scp.test.TestMain - this is info
2018-07-23 15:29:04 FATAL TestMain:34:com.scp.test.TestMain - this is fatal
2018-07-23 15:29:04 TRACE TestMain:35:com.scp.test.TestMain - this is trace
2018-07-23 15:29:04 ERROR TestMain:36:com.scp.test.TestMain - this is error
2018-07-23 15:29:04 INFO  TestMain:37:com.scp.test.TestMain - this is info
2018-07-23 15:29:04 FATAL TestMain:34:com.scp.test.TestMain - this is fatal
2018-07-23 15:29:04 TRACE TestMain:35:com.scp.test.TestMain - this is trace
2018-07-23 15:29:04 ERROR TestMain:36:com.scp.test.TestMain - this is error
2018-07-23 15:29:04 INFO  TestMain:37:com.scp.test.TestMain - this is info
2018-07-23 15:31:20 FATAL TestMain:34:com.scp.test.TestMain - this is fatal
2018-07-23 15:31:21 TRACE TestMain:35:com.scp.test.TestMain - this is trace
2018-07-23 15:31:21 ERROR TestMain:36:com.scp.test.TestMain - this is error
2018-07-23 15:31:21 INFO  TestMain:37:com.scp.test.TestMain - this is info
2018-07-23 15:31:21 FATAL TestMain:34:com.scp.test.TestMain - this is fatal
2018-07-23 15:31:21 TRACE TestMain:35:com.scp.test.TestMain - this is trace
2018-07-23 15:31:21 ERROR TestMain:36:com.scp.test.TestMain - this is error
2018-07-23 15:31:21 INFO  TestMain:37:com.scp.test.TestMain - this is info
2018-07-23 15:31:21 FATAL TestMain:34:com.scp.test.TestMain - this is fatal
2018-07-23 15:31:21 TRACE TestMain:35:com.scp.test.TestMain - this is trace
2018-07-23 15:31:21 ERROR TestMain:36:com.scp.test.TestMain - this is error
2018-07-23 15:31:21 INFO  TestMain:37:com.scp.test.TestMain - this is info
2018-07-23 15:31:21 FATAL TestMain:34:com.scp.test.TestMain - this is fatal
2018-07-23 15:31:21 TRACE TestMain:35:com.scp.test.TestMain - this is trace
2018-07-23 15:31:21 ERROR TestMain:36:com.scp.test.TestMain - this is error
2018-07-23 15:31:21 INFO  TestMain:37:com.scp.test.TestMain - this is info
2018-07-23 15:31:21 FATAL TestMain:34:com.scp.test.TestMain - this is fatal
2018-07-23 15:31:21 TRACE TestMain:35:com.scp.test.TestMain - this is trace
2018-07-23 15:31:21 ERROR TestMain:36:com.scp.test.TestMain - this is error
2018-07-23 15:31:21 INFO  TestMain:37:com.scp.test.TestMain - this is info
2018-07-23 15:32:53 FATAL TestMain:34:com.scp.test.TestMain - this is fatal
2018-07-23 15:32:53 TRACE TestMain:35:com.scp.test.TestMain - this is trace
2018-07-23 15:32:53 ERROR TestMain:36:com.scp.test.TestMain - this is error
2018-07-23 15:32:53 INFO  TestMain:37:com.scp.test.TestMain - this is info
2018-07-23 15:32:53 FATAL TestMain:34:com.scp.test.TestMain - this is fatal
2018-07-23 15:32:53 TRACE TestMain:35:com.scp.test.TestMain - this is trace
2018-07-23 15:32:53 ERROR TestMain:36:com.scp.test.TestMain - this is error
2018-07-23 15:32:53 INFO  TestMain:37:com.scp.test.TestMain - this is info
2018-07-23 15:32:53 FATAL TestMain:34:com.scp.test.TestMain - this is fatal
2018-07-23 15:32:54 TRACE TestMain:35:com.scp.test.TestMain - this is trace
2018-07-23 15:32:54 ERROR TestMain:36:com.scp.test.TestMain - this is error
2018-07-23 15:32:54 INFO  TestMain:37:com.scp.test.TestMain - this is info
2018-07-23 15:32:54 FATAL TestMain:34:com.scp.test.TestMain - this is fatal
2018-07-23 15:32:54 TRACE TestMain:35:com.scp.test.TestMain - this is trace
2018-07-23 15:32:54 ERROR TestMain:36:com.scp.test.TestMain - this is error
2018-07-23 15:32:54 INFO  TestMain:37:com.scp.test.TestMain - this is info
2018-07-23 15:32:54 FATAL TestMain:34:com.scp.test.TestMain - this is fatal
2018-07-23 15:32:54 TRACE TestMain:35:com.scp.test.TestMain - this is trace
2018-07-23 15:32:54 ERROR TestMain:36:com.scp.test.TestMain - this is error
2018-07-23 15:32:54 INFO  TestMain:37:com.scp.test.TestMain - this is info
2018-07-23 15:34:25 FATAL TestMain:28:com.scp.test.TestMain - this is fatal
2018-07-23 15:34:26 TRACE TestMain:29:com.scp.test.TestMain - this is trace
2018-07-23 15:34:26 ERROR TestMain:30:com.scp.test.TestMain - this is error
2018-07-23 15:34:26 INFO  TestMain:31:com.scp.test.TestMain - this is info
2018-07-23 15:34:26 FATAL TestMain:28:com.scp.test.TestMain - this is fatal
2018-07-23 15:34:26 TRACE TestMain:29:com.scp.test.TestMain - this is trace
2018-07-23 15:34:26 ERROR TestMain:30:com.scp.test.TestMain - this is error
2018-07-23 15:34:26 INFO  TestMain:31:com.scp.test.TestMain - this is info
2018-07-23 15:34:26 FATAL TestMain:28:com.scp.test.TestMain - this is fatal
2018-07-23 15:34:26 TRACE TestMain:29:com.scp.test.TestMain - this is trace
2018-07-23 15:34:26 ERROR TestMain:30:com.scp.test.TestMain - this is error
2018-07-23 15:34:26 INFO  TestMain:31:com.scp.test.TestMain - this is info
2018-07-23 15:34:26 FATAL TestMain:28:com.scp.test.TestMain - this is fatal
2018-07-23 15:34:26 TRACE TestMain:29:com.scp.test.TestMain - this is trace
2018-07-23 15:34:26 ERROR TestMain:30:com.scp.test.TestMain - this is error
2018-07-23 15:34:26 INFO  TestMain:31:com.scp.test.TestMain - this is info
2018-07-23 15:34:26 FATAL TestMain:28:com.scp.test.TestMain - this is fatal
2018-07-23 15:34:26 TRACE TestMain:29:com.scp.test.TestMain - this is trace
2018-07-23 15:34:26 ERROR TestMain:30:com.scp.test.TestMain - this is error
2018-07-23 15:34:26 INFO  TestMain:31:com.scp.test.TestMain - this is info
2018-07-23 17:07:01 FATAL TestMain:29:com.scp.test.TestMain - this is fatal
2018-07-23 17:07:01 TRACE TestMain:30:com.scp.test.TestMain - this is trace
2018-07-23 17:07:01 ERROR TestMain:31:com.scp.test.TestMain - this is error
2018-07-23 17:07:01 INFO  TestMain:32:com.scp.test.TestMain - this is info
2018-07-23 17:07:01 FATAL TestMain:29:com.scp.test.TestMain - this is fatal
2018-07-23 17:07:01 TRACE TestMain:30:com.scp.test.TestMain - this is trace
2018-07-23 17:07:01 ERROR TestMain:31:com.scp.test.TestMain - this is error
2018-07-23 17:07:01 INFO  TestMain:32:com.scp.test.TestMain - this is info
2018-07-23 17:07:01 FATAL TestMain:29:com.scp.test.TestMain - this is fatal
2018-07-23 17:07:01 TRACE TestMain:30:com.scp.test.TestMain - this is trace
2018-07-23 17:07:01 ERROR TestMain:31:com.scp.test.TestMain - this is error
2018-07-23 17:07:01 INFO  TestMain:32:com.scp.test.TestMain - this is info
2018-07-23 17:07:01 FATAL TestMain:29:com.scp.test.TestMain - this is fatal
2018-07-23 17:07:01 TRACE TestMain:30:com.scp.test.TestMain - this is trace
2018-07-23 17:07:01 ERROR TestMain:31:com.scp.test.TestMain - this is error
2018-07-23 17:07:01 INFO  TestMain:32:com.scp.test.TestMain - this is info
2018-07-23 17:07:01 FATAL TestMain:29:com.scp.test.TestMain - this is fatal
2018-07-23 17:07:01 TRACE TestMain:30:com.scp.test.TestMain - this is trace
2018-07-23 17:07:01 ERROR TestMain:31:com.scp.test.TestMain - this is error
2018-07-23 17:07:01 INFO  TestMain:32:com.scp.test.TestMain - this is info
